[15-Mar-2015 02:10:50 Europe/Stockholm] PHP Warning:  include(views/favicon.ico.php): failed to open stream: No such file or directory in /www/webvol13/s5/66zyr55h647xtu7/varsko.se/public_html/index.php on line 27
[15-Mar-2015 02:10:50 Europe/Stockholm] PHP Warning:  include(): Failed opening 'views/favicon.ico.php' for inclusion (include_path='.:/usr/local/share/pear') in /www/webvol13/s5/66zyr55h647xtu7/varsko.se/public_html/index.php on line 27
[15-Mar-2015 02:10:52 Europe/Stockholm] PHP Notice:  Undefined property via __get(): Email in /www/webvol13/s5/66zyr55h647xtu7/varsko.se/public_html/views/myInfo.php on line 57 in /www/webvol13/s5/66zyr55h647xtu7/varsko.se/public_html/userFlex/src/UserBase.php on line 167
[15-Mar-2015 02:10:52 Europe/Stockholm] PHP Notice:  Undefined property via __get(): lan in /www/webvol13/s5/66zyr55h647xtu7/varsko.se/public_html/views/myInfo.php on line 62 in /www/webvol13/s5/66zyr55h647xtu7/varsko.se/public_html/userFlex/src/UserBase.php on line 167
[15-Mar-2015 02:10:52 Europe/Stockholm] PHP Notice:  Undefined property via __get(): kommun in /www/webvol13/s5/66zyr55h647xtu7/varsko.se/public_html/views/myInfo.php on line 66 in /www/webvol13/s5/66zyr55h647xtu7/varsko.se/public_html/userFlex/src/UserBase.php on line 167
[15-Mar-2015 02:10:53 Europe/Stockholm] PHP Warning:  include(views/favicon.ico.php): failed to open stream: No such file or directory in /www/webvol13/s5/66zyr55h647xtu7/varsko.se/public_html/index.php on line 27
[15-Mar-2015 02:10:53 Europe/Stockholm] PHP Warning:  include(): Failed opening 'views/favicon.ico.php' for inclusion (include_path='.:/usr/local/share/pear') in /www/webvol13/s5/66zyr55h647xtu7/varsko.se/public_html/index.php on line 27
[15-Mar-2015 02:12:05 Europe/Stockholm] PHP Warning:  include(views/favicon.ico.php): failed to open stream: No such file or directory in /www/webvol13/s5/66zyr55h647xtu7/varsko.se/public_html/index.php on line 27
[15-Mar-2015 02:12:05 Europe/Stockholm] PHP Warning:  include(): Failed opening 'views/favicon.ico.php' for inclusion (include_path='.:/usr/local/share/pear') in /www/webvol13/s5/66zyr55h647xtu7/varsko.se/public_html/index.php on line 27
[15-Mar-2015 02:12:44 Europe/Stockholm] PHP Warning:  include(views/favicon.ico.php): failed to open stream: No such file or directory in /www/webvol13/s5/66zyr55h647xtu7/varsko.se/public_html/index.php on line 27
[15-Mar-2015 02:12:44 Europe/Stockholm] PHP Warning:  include(): Failed opening 'views/favicon.ico.php' for inclusion (include_path='.:/usr/local/share/pear') in /www/webvol13/s5/66zyr55h647xtu7/varsko.se/public_html/index.php on line 27
[15-Mar-2015 02:13:36 Europe/Stockholm] PHP Warning:  include(views/favicon.ico.php): failed to open stream: No such file or directory in /www/webvol13/s5/66zyr55h647xtu7/varsko.se/public_html/index.php on line 27
[15-Mar-2015 02:13:36 Europe/Stockholm] PHP Warning:  include(): Failed opening 'views/favicon.ico.php' for inclusion (include_path='.:/usr/local/share/pear') in /www/webvol13/s5/66zyr55h647xtu7/varsko.se/public_html/index.php on line 27
[15-Mar-2015 02:13:39 Europe/Stockholm] PHP Warning:  include(views/favicon.ico.php): failed to open stream: No such file or directory in /www/webvol13/s5/66zyr55h647xtu7/varsko.se/public_html/index.php on line 27
[15-Mar-2015 02:13:39 Europe/Stockholm] PHP Warning:  include(): Failed opening 'views/favicon.ico.php' for inclusion (include_path='.:/usr/local/share/pear') in /www/webvol13/s5/66zyr55h647xtu7/varsko.se/public_html/index.php on line 27
[15-Mar-2015 02:13:40 Europe/Stockholm] PHP Warning:  include(views/favicon.ico.php): failed to open stream: No such file or directory in /www/webvol13/s5/66zyr55h647xtu7/varsko.se/public_html/index.php on line 27
[15-Mar-2015 02:13:40 Europe/Stockholm] PHP Warning:  include(): Failed opening 'views/favicon.ico.php' for inclusion (include_path='.:/usr/local/share/pear') in /www/webvol13/s5/66zyr55h647xtu7/varsko.se/public_html/index.php on line 27
[15-Mar-2015 02:13:44 Europe/Stockholm] PHP Notice:  Undefined property via __get(): Email in /www/webvol13/s5/66zyr55h647xtu7/varsko.se/public_html/views/myInfo.php on line 57 in /www/webvol13/s5/66zyr55h647xtu7/varsko.se/public_html/userFlex/src/UserBase.php on line 167
[15-Mar-2015 02:13:44 Europe/Stockholm] PHP Notice:  Undefined property via __get(): lan in /www/webvol13/s5/66zyr55h647xtu7/varsko.se/public_html/views/myInfo.php on line 62 in /www/webvol13/s5/66zyr55h647xtu7/varsko.se/public_html/userFlex/src/UserBase.php on line 167
[15-Mar-2015 02:13:44 Europe/Stockholm] PHP Notice:  Undefined property via __get(): kommun in /www/webvol13/s5/66zyr55h647xtu7/varsko.se/public_html/views/myInfo.php on line 66 in /www/webvol13/s5/66zyr55h647xtu7/varsko.se/public_html/userFlex/src/UserBase.php on line 167
[15-Mar-2015 02:13:44 Europe/Stockholm] PHP Warning:  include(views/favicon.ico.php): failed to open stream: No such file or directory in /www/webvol13/s5/66zyr55h647xtu7/varsko.se/public_html/index.php on line 27
[15-Mar-2015 02:13:44 Europe/Stockholm] PHP Warning:  include(): Failed opening 'views/favicon.ico.php' for inclusion (include_path='.:/usr/local/share/pear') in /www/webvol13/s5/66zyr55h647xtu7/varsko.se/public_html/index.php on line 27
[15-Mar-2015 02:17:16 Europe/Stockholm] PHP Warning:  include(views/favicon.ico.php): failed to open stream: No such file or directory in /www/webvol13/s5/66zyr55h647xtu7/varsko.se/public_html/index.php on line 27
[15-Mar-2015 02:17:16 Europe/Stockholm] PHP Warning:  include(): Failed opening 'views/favicon.ico.php' for inclusion (include_path='.:/usr/local/share/pear') in /www/webvol13/s5/66zyr55h647xtu7/varsko.se/public_html/index.php on line 27
[15-Mar-2015 02:17:23 Europe/Stockholm] PHP Warning:  include(views/favicon.ico.php): failed to open stream: No such file or directory in /www/webvol13/s5/66zyr55h647xtu7/varsko.se/public_html/index.php on line 27
[15-Mar-2015 02:17:23 Europe/Stockholm] PHP Warning:  include(): Failed opening 'views/favicon.ico.php' for inclusion (include_path='.:/usr/local/share/pear') in /www/webvol13/s5/66zyr55h647xtu7/varsko.se/public_html/index.php on line 27
[15-Mar-2015 02:17:32 Europe/Stockholm] PHP Warning:  include(views/favicon.ico.php): failed to open stream: No such file or directory in /www/webvol13/s5/66zyr55h647xtu7/varsko.se/public_html/index.php on line 27
[15-Mar-2015 02:17:32 Europe/Stockholm] PHP Warning:  include(): Failed opening 'views/favicon.ico.php' for inclusion (include_path='.:/usr/local/share/pear') in /www/webvol13/s5/66zyr55h647xtu7/varsko.se/public_html/index.php on line 27
[15-Mar-2015 02:17:35 Europe/Stockholm] PHP Warning:  include(views/favicon.ico.php): failed to open stream: No such file or directory in /www/webvol13/s5/66zyr55h647xtu7/varsko.se/public_html/index.php on line 27
[15-Mar-2015 02:17:35 Europe/Stockholm] PHP Warning:  include(): Failed opening 'views/favicon.ico.php' for inclusion (include_path='.:/usr/local/share/pear') in /www/webvol13/s5/66zyr55h647xtu7/varsko.se/public_html/index.php on line 27
[15-Mar-2015 02:17:38 Europe/Stockholm] PHP Warning:  include(views/favicon.ico.php): failed to open stream: No such file or directory in /www/webvol13/s5/66zyr55h647xtu7/varsko.se/public_html/index.php on line 27
[15-Mar-2015 02:17:38 Europe/Stockholm] PHP Warning:  include(): Failed opening 'views/favicon.ico.php' for inclusion (include_path='.:/usr/local/share/pear') in /www/webvol13/s5/66zyr55h647xtu7/varsko.se/public_html/index.php on line 27
